<?xml version="1.0" encoding="UTF-8"?>
<!-- Generated by org.testng.reporters.JUnitReportReporter -->
<testsuite skipped="0" hostname="SR-HP" name="test.AutomationTestng" tests="1" failures="0" timestamp="2021-03-10T22:13:31 CST" time="5.649" errors="0">
  <testcase name="toggleTest" time="5.649" classname="test.AutomationTestng"/>
  <system-out/>
</testsuite> <!-- test.AutomationTestng -->
